
state 0
	$accept: .top $end 

	StylesheetToken  shift 2
	.  error

	top  goto 1

state 1
	$accept:  top.$end 

	$end  accept
	.  error


state 2
	top:  StylesheetToken.TextToken '{' '}' 

	TextToken  shift 3
	.  error


state 3
	top:  StylesheetToken TextToken.'{' '}' 

	'{'  shift 4
	.  error


state 4
	top:  StylesheetToken TextToken '{'.'}' 

	'}'  shift 5
	.  error


state 5
	top:  StylesheetToken TextToken '{' '}'.    (1)

	.  reduce 1 (src line 31)


9 terminals, 2 nonterminals
2 grammar rules, 6/2000 states
0 shift/reduce, 0 reduce/reduce conflicts reported
51 working sets used
memory: parser 0/30000
0 extra closures
4 shift entries, 1 exceptions
1 goto entries
0 entries saved by goto default
Optimizer space used: output 5/30000
5 table entries, 0 zero
maximum spread: 9, maximum offset: 9
