
state 0
	$accept: .form $end 
	form: .    (1)

	FormToken  shift 2
	.  reduce 1 (src line 16)

	form  goto 1

state 1
	$accept:  form.$end 

	$end  accept
	.  error


state 2
	form:  FormToken.BlockBeginToken questions BlockEndToken 

	BlockBeginToken  shift 3
	.  error


state 3
	form:  FormToken BlockBeginToken.questions BlockEndToken 
	questions: .    (3)

	.  reduce 3 (src line 20)

	questions  goto 4

state 4
	form:  FormToken BlockBeginToken questions.BlockEndToken 
	questions:  questions.question 

	TextToken  shift 7
	BlockEndToken  shift 5
	.  error

	question  goto 6

state 5
	form:  FormToken BlockBeginToken questions BlockEndToken.    (2)

	.  reduce 2 (src line 17)


state 6
	questions:  questions question.    (4)

	.  reduce 4 (src line 21)


state 7
	question:  TextToken.    (5)

	.  reduce 5 (src line 24)


10 terminals, 4 nonterminals
6 grammar rules, 8/2000 states
0 shift/reduce, 0 reduce/reduce conflicts reported
53 working sets used
memory: parser 2/30000
0 extra closures
4 shift entries, 1 exceptions
3 goto entries
0 entries saved by goto default
Optimizer space used: output 7/30000
7 table entries, 0 zero
maximum spread: 7, maximum offset: 6
