// Output created by jacc on Mon Mar 09 12:59:24 CET 2015

state 0 (entry on stylesheet)
    $accept : _stylesheet $end

    STYLESHEET shift 2
    . error

    stylesheet goto 1

state 1 (entry on stylesheet)
    $accept : stylesheet_$end

    $end accept
    . error

state 2 (entry on STYLESHEET)
    stylesheet : STYLESHEET_IDENTIFIER statements    (1)

    IDENTIFIER shift 3
    . error

state 3 (entry on IDENTIFIER)
    stylesheet : STYLESHEET IDENTIFIER_statements    (1)

    DEFAULT shift 6
    PAGE shift 7
    QUESTION shift 8
    SECTION shift 9
    . error

    statement goto 4
    statements goto 5

state 4 (entry on statement)
    statements : statement_statements    (2)
    statements : statement_    (3)

    DEFAULT shift 6
    PAGE shift 7
    QUESTION shift 8
    SECTION shift 9
    $end reduce 3
    '}' reduce 3
    . error

    statement goto 4
    statements goto 10

state 5 (entry on statements)
    stylesheet : STYLESHEET IDENTIFIER statements_    (1)

    $end reduce 1
    . error

state 6 (entry on DEFAULT)
    statement : DEFAULT_type widget    (8)
    statement : DEFAULT_type '{' styleRules '}'    (9)

    BOOLEAN shift 12
    FLOAT shift 13
    INTEGER shift 14
    MONEY shift 15
    STRING shift 16
    . error

    type goto 11

state 7 (entry on PAGE)
    statement : PAGE_IDENTIFIER '{' statements '}'    (4)

    IDENTIFIER shift 17
    . error

state 8 (entry on QUESTION)
    statement : QUESTION_IDENTIFIER    (6)
    statement : QUESTION_IDENTIFIER '{' widget '}'    (7)

    IDENTIFIER shift 18
    . error

state 9 (entry on SECTION)
    statement : SECTION_STRINGLITERAL '{' statements '}'    (5)

    STRINGLITERAL shift 19
    . error

state 10 (entry on statements)
    statements : statement statements_    (2)

    $end reduce 2
    '}' reduce 2
    . error

state 11 (entry on type)
    statement : DEFAULT type_widget    (8)
    statement : DEFAULT type_'{' styleRules '}'    (9)

    WIDGET shift 21
    '{' shift 22
    . error

    widget goto 20

state 12 (entry on BOOLEAN)
    type : BOOLEAN_    (10)

    WIDGET reduce 10
    '{' reduce 10
    . error

state 13 (entry on FLOAT)
    type : FLOAT_    (12)

    WIDGET reduce 12
    '{' reduce 12
    . error

state 14 (entry on INTEGER)
    type : INTEGER_    (11)

    WIDGET reduce 11
    '{' reduce 11
    . error

state 15 (entry on MONEY)
    type : MONEY_    (13)

    WIDGET reduce 13
    '{' reduce 13
    . error

state 16 (entry on STRING)
    type : STRING_    (14)

    WIDGET reduce 14
    '{' reduce 14
    . error

state 17 (entry on IDENTIFIER)
    statement : PAGE IDENTIFIER_'{' statements '}'    (4)

    '{' shift 23
    . error

state 18 (entry on IDENTIFIER)
    statement : QUESTION IDENTIFIER_    (6)
    statement : QUESTION IDENTIFIER_'{' widget '}'    (7)

    '{' shift 24
    SECTION reduce 6
    DEFAULT reduce 6
    $end reduce 6
    '}' reduce 6
    QUESTION reduce 6
    PAGE reduce 6
    . error

state 19 (entry on STRINGLITERAL)
    statement : SECTION STRINGLITERAL_'{' statements '}'    (5)

    '{' shift 25
    . error

state 20 (entry on widget)
    statement : DEFAULT type widget_    (8)

    SECTION reduce 8
    DEFAULT reduce 8
    $end reduce 8
    '}' reduce 8
    QUESTION reduce 8
    PAGE reduce 8
    . error

state 21 (entry on WIDGET)
    widget : WIDGET_widgetType    (20)

    CHECKBOX shift 27
    DROPDOWN shift 28
    RADIO shift 29
    SLIDER shift 30
    SPINBOX shift 31
    TEXT shift 32
    . error

    widgetType goto 26

state 22 (entry on '{')
    statement : DEFAULT type '{'_styleRules '}'    (9)

    WIDGET shift 21
    COLOUR shift 37
    FONT shift 38
    FONTSIZE shift 39
    HEIGHT shift 40
    WIDTH shift 41
    . error

    styleProperty goto 33
    styleRule goto 34
    styleRules goto 35
    widget goto 36

state 23 (entry on '{')
    statement : PAGE IDENTIFIER '{'_statements '}'    (4)

    DEFAULT shift 6
    PAGE shift 7
    QUESTION shift 8
    SECTION shift 9
    . error

    statement goto 4
    statements goto 42

state 24 (entry on '{')
    statement : QUESTION IDENTIFIER '{'_widget '}'    (7)

    WIDGET shift 21
    . error

    widget goto 43

state 25 (entry on '{')
    statement : SECTION STRINGLITERAL '{'_statements '}'    (5)

    DEFAULT shift 6
    PAGE shift 7
    QUESTION shift 8
    SECTION shift 9
    . error

    statement goto 4
    statements goto 44

state 26 (entry on widgetType)
    widget : WIDGET widgetType_    (20)

    WIDTH reduce 20
    WIDGET reduce 20
    HEIGHT reduce 20
    SECTION reduce 20
    FONTSIZE reduce 20
    DEFAULT reduce 20
    '}' reduce 20
    QUESTION reduce 20
    FONT reduce 20
    PAGE reduce 20
    $end reduce 20
    COLOUR reduce 20
    . error

state 27 (entry on CHECKBOX)
    widgetType : CHECKBOX_    (26)

    WIDTH reduce 26
    WIDGET reduce 26
    HEIGHT reduce 26
    SECTION reduce 26
    FONTSIZE reduce 26
    DEFAULT reduce 26
    '}' reduce 26
    QUESTION reduce 26
    FONT reduce 26
    PAGE reduce 26
    $end reduce 26
    COLOUR reduce 26
    . error

state 28 (entry on DROPDOWN)
    widgetType : DROPDOWN_'(' values ')'    (24)

    '(' shift 45
    . error

state 29 (entry on RADIO)
    widgetType : RADIO_'(' values ')'    (22)

    '(' shift 46
    . error

state 30 (entry on SLIDER)
    widgetType : SLIDER_'(' values ')'    (23)

    '(' shift 47
    . error

state 31 (entry on SPINBOX)
    widgetType : SPINBOX_    (21)

    WIDTH reduce 21
    WIDGET reduce 21
    HEIGHT reduce 21
    SECTION reduce 21
    FONTSIZE reduce 21
    DEFAULT reduce 21
    '}' reduce 21
    QUESTION reduce 21
    FONT reduce 21
    PAGE reduce 21
    $end reduce 21
    COLOUR reduce 21
    . error

state 32 (entry on TEXT)
    widgetType : TEXT_    (25)

    WIDTH reduce 25
    WIDGET reduce 25
    HEIGHT reduce 25
    SECTION reduce 25
    FONTSIZE reduce 25
    DEFAULT reduce 25
    '}' reduce 25
    QUESTION reduce 25
    FONT reduce 25
    PAGE reduce 25
    $end reduce 25
    COLOUR reduce 25
    . error

state 33 (entry on styleProperty)
    styleRule : styleProperty_':' literal    (31)

    ':' shift 48
    . error

state 34 (entry on styleRule)
    styleRules : styleRule_styleRules    (29)
    styleRules : styleRule_    (30)

    WIDGET shift 21
    COLOUR shift 37
    FONT shift 38
    FONTSIZE shift 39
    HEIGHT shift 40
    WIDTH shift 41
    '}' reduce 30
    . error

    styleProperty goto 33
    styleRule goto 34
    styleRules goto 49
    widget goto 36

state 35 (entry on styleRules)
    statement : DEFAULT type '{' styleRules_'}'    (9)

    '}' shift 50
    . error

state 36 (entry on widget)
    styleRule : widget_    (32)

    WIDTH reduce 32
    WIDGET reduce 32
    HEIGHT reduce 32
    FONTSIZE reduce 32
    '}' reduce 32
    FONT reduce 32
    COLOUR reduce 32
    . error

state 37 (entry on COLOUR)
    styleProperty : COLOUR_    (37)

    ':' reduce 37
    . error

state 38 (entry on FONT)
    styleProperty : FONT_    (35)

    ':' reduce 35
    . error

state 39 (entry on FONTSIZE)
    styleProperty : FONTSIZE_    (36)

    ':' reduce 36
    . error

state 40 (entry on HEIGHT)
    styleProperty : HEIGHT_    (34)

    ':' reduce 34
    . error

state 41 (entry on WIDTH)
    styleProperty : WIDTH_    (33)

    ':' reduce 33
    . error

state 42 (entry on statements)
    statement : PAGE IDENTIFIER '{' statements_'}'    (4)

    '}' shift 51
    . error

state 43 (entry on widget)
    statement : QUESTION IDENTIFIER '{' widget_'}'    (7)

    '}' shift 52
    . error

state 44 (entry on statements)
    statement : SECTION STRINGLITERAL '{' statements_'}'    (5)

    '}' shift 53
    . error

state 45 (entry on '(')
    widgetType : DROPDOWN '('_values ')'    (24)

    BOOLEANLITERAL shift 56
    FLOATLITERAL shift 57
    INTEGERLITERAL shift 58
    MONEYLITERAL shift 59
    STRINGLITERAL shift 60
    . error

    literal goto 54
    values goto 55

state 46 (entry on '(')
    widgetType : RADIO '('_values ')'    (22)

    BOOLEANLITERAL shift 56
    FLOATLITERAL shift 57
    INTEGERLITERAL shift 58
    MONEYLITERAL shift 59
    STRINGLITERAL shift 60
    . error

    literal goto 54
    values goto 61

state 47 (entry on '(')
    widgetType : SLIDER '('_values ')'    (23)

    BOOLEANLITERAL shift 56
    FLOATLITERAL shift 57
    INTEGERLITERAL shift 58
    MONEYLITERAL shift 59
    STRINGLITERAL shift 60
    . error

    literal goto 54
    values goto 62

state 48 (entry on ':')
    styleRule : styleProperty ':'_literal    (31)

    BOOLEANLITERAL shift 56
    FLOATLITERAL shift 57
    INTEGERLITERAL shift 58
    MONEYLITERAL shift 59
    STRINGLITERAL shift 60
    . error

    literal goto 63

state 49 (entry on styleRules)
    styleRules : styleRule styleRules_    (29)

    '}' reduce 29
    . error

state 50 (entry on '}')
    statement : DEFAULT type '{' styleRules '}'_    (9)

    SECTION reduce 9
    DEFAULT reduce 9
    $end reduce 9
    '}' reduce 9
    QUESTION reduce 9
    PAGE reduce 9
    . error

state 51 (entry on '}')
    statement : PAGE IDENTIFIER '{' statements '}'_    (4)

    SECTION reduce 4
    DEFAULT reduce 4
    $end reduce 4
    '}' reduce 4
    QUESTION reduce 4
    PAGE reduce 4
    . error

state 52 (entry on '}')
    statement : QUESTION IDENTIFIER '{' widget '}'_    (7)

    SECTION reduce 7
    DEFAULT reduce 7
    $end reduce 7
    '}' reduce 7
    QUESTION reduce 7
    PAGE reduce 7
    . error

state 53 (entry on '}')
    statement : SECTION STRINGLITERAL '{' statements '}'_    (5)

    SECTION reduce 5
    DEFAULT reduce 5
    $end reduce 5
    '}' reduce 5
    QUESTION reduce 5
    PAGE reduce 5
    . error

state 54 (entry on literal)
    values : literal_values    (27)
    values : literal_    (28)

    BOOLEANLITERAL shift 56
    FLOATLITERAL shift 57
    INTEGERLITERAL shift 58
    MONEYLITERAL shift 59
    STRINGLITERAL shift 60
    ')' reduce 28
    . error

    literal goto 54
    values goto 64

state 55 (entry on values)
    widgetType : DROPDOWN '(' values_')'    (24)

    ')' shift 65
    . error

state 56 (entry on BOOLEANLITERAL)
    literal : BOOLEANLITERAL_    (15)

    WIDTH reduce 15
    INTEGERLITERAL reduce 15
    WIDGET reduce 15
    STRINGLITERAL reduce 15
    HEIGHT reduce 15
    FONTSIZE reduce 15
    '}' reduce 15
    FONT reduce 15
    ')' reduce 15
    MONEYLITERAL reduce 15
    FLOATLITERAL reduce 15
    COLOUR reduce 15
    BOOLEANLITERAL reduce 15
    . error

state 57 (entry on FLOATLITERAL)
    literal : FLOATLITERAL_    (17)

    WIDTH reduce 17
    INTEGERLITERAL reduce 17
    WIDGET reduce 17
    STRINGLITERAL reduce 17
    HEIGHT reduce 17
    FONTSIZE reduce 17
    '}' reduce 17
    FONT reduce 17
    ')' reduce 17
    MONEYLITERAL reduce 17
    FLOATLITERAL reduce 17
    COLOUR reduce 17
    BOOLEANLITERAL reduce 17
    . error

state 58 (entry on INTEGERLITERAL)
    literal : INTEGERLITERAL_    (16)

    WIDTH reduce 16
    INTEGERLITERAL reduce 16
    WIDGET reduce 16
    STRINGLITERAL reduce 16
    HEIGHT reduce 16
    FONTSIZE reduce 16
    '}' reduce 16
    FONT reduce 16
    ')' reduce 16
    MONEYLITERAL reduce 16
    FLOATLITERAL reduce 16
    COLOUR reduce 16
    BOOLEANLITERAL reduce 16
    . error

state 59 (entry on MONEYLITERAL)
    literal : MONEYLITERAL_    (18)

    WIDTH reduce 18
    INTEGERLITERAL reduce 18
    WIDGET reduce 18
    STRINGLITERAL reduce 18
    HEIGHT reduce 18
    FONTSIZE reduce 18
    '}' reduce 18
    FONT reduce 18
    ')' reduce 18
    MONEYLITERAL reduce 18
    FLOATLITERAL reduce 18
    COLOUR reduce 18
    BOOLEANLITERAL reduce 18
    . error

state 60 (entry on STRINGLITERAL)
    literal : STRINGLITERAL_    (19)

    WIDTH reduce 19
    INTEGERLITERAL reduce 19
    WIDGET reduce 19
    STRINGLITERAL reduce 19
    HEIGHT reduce 19
    FONTSIZE reduce 19
    '}' reduce 19
    FONT reduce 19
    ')' reduce 19
    MONEYLITERAL reduce 19
    FLOATLITERAL reduce 19
    COLOUR reduce 19
    BOOLEANLITERAL reduce 19
    . error

state 61 (entry on values)
    widgetType : RADIO '(' values_')'    (22)

    ')' shift 66
    . error

state 62 (entry on values)
    widgetType : SLIDER '(' values_')'    (23)

    ')' shift 67
    . error

state 63 (entry on literal)
    styleRule : styleProperty ':' literal_    (31)

    WIDTH reduce 31
    WIDGET reduce 31
    HEIGHT reduce 31
    FONTSIZE reduce 31
    '}' reduce 31
    FONT reduce 31
    COLOUR reduce 31
    . error

state 64 (entry on values)
    values : literal values_    (27)

    ')' reduce 27
    . error

state 65 (entry on ')')
    widgetType : DROPDOWN '(' values ')'_    (24)

    WIDTH reduce 24
    WIDGET reduce 24
    HEIGHT reduce 24
    SECTION reduce 24
    FONTSIZE reduce 24
    DEFAULT reduce 24
    '}' reduce 24
    QUESTION reduce 24
    FONT reduce 24
    PAGE reduce 24
    $end reduce 24
    COLOUR reduce 24
    . error

state 66 (entry on ')')
    widgetType : RADIO '(' values ')'_    (22)

    WIDTH reduce 22
    WIDGET reduce 22
    HEIGHT reduce 22
    SECTION reduce 22
    FONTSIZE reduce 22
    DEFAULT reduce 22
    '}' reduce 22
    QUESTION reduce 22
    FONT reduce 22
    PAGE reduce 22
    $end reduce 22
    COLOUR reduce 22
    . error

state 67 (entry on ')')
    widgetType : SLIDER '(' values ')'_    (23)

    WIDTH reduce 23
    WIDGET reduce 23
    HEIGHT reduce 23
    SECTION reduce 23
    FONTSIZE reduce 23
    DEFAULT reduce 23
    '}' reduce 23
    QUESTION reduce 23
    FONT reduce 23
    PAGE reduce 23
    $end reduce 23
    COLOUR reduce 23
    . error

37 terminals, 11 nonterminals;
37 grammar rules, 68 states;
0 shift/reduce and 0 reduce/reduce conflicts reported.
